<?xml version="1.0" encoding="UTF-8"?>
<testsuite xmlns:xsi="http://www.w3.org/2001/XMLSchema-instance" xsi:noNamespaceSchemaLocation="https://maven.apache.org/surefire/maven-surefire-plugin/xsd/surefire-test-report-3.0.xsd" version="3.0" name="com.example.AppTest" time="0.023" tests="1" errors="0" skipped="0" failures="0">
  <properties>
    <property name="gopherProxySet" value="false"/>
    <property name="awt.toolkit" value="sun.lwawt.macosx.LWCToolkit"/>
    <property name="file.encoding.pkg" value="sun.io"/>
    <property name="java.specification.version" value="1.8"/>
    <property name="sun.cpu.isalist" value=""/>
    <property name="sun.jnu.encoding" value="UTF-8"/>
    <property name="java.class.path" value="/Users/harigowtham.raman/Documents/jmeterSelenium/selenium-restassured-demo/target/test-classes:/Users/harigowtham.raman/Documents/jmeterSelenium/selenium-restassured-demo/target/classes:/Users/harigowtham.raman/.m2/repository/junit/junit/3.8.1/junit-3.8.1.jar:/Users/harigowtham.raman/.m2/repository/org/seleniumhq/selenium/selenium-java/3.141.59/selenium-java-3.141.59.jar:/Users/harigowtham.raman/.m2/repository/org/seleniumhq/selenium/selenium-api/3.141.59/selenium-api-3.141.59.jar:/Users/harigowtham.raman/.m2/repository/org/seleniumhq/selenium/selenium-chrome-driver/3.141.59/selenium-chrome-driver-3.141.59.jar:/Users/harigowtham.raman/.m2/repository/org/seleniumhq/selenium/selenium-edge-driver/3.141.59/selenium-edge-driver-3.141.59.jar:/Users/harigowtham.raman/.m2/repository/org/seleniumhq/selenium/selenium-firefox-driver/3.141.59/selenium-firefox-driver-3.141.59.jar:/Users/harigowtham.raman/.m2/repository/org/seleniumhq/selenium/selenium-ie-driver/3.141.59/selenium-ie-driver-3.141.59.jar:/Users/harigowtham.raman/.m2/repository/org/seleniumhq/selenium/selenium-opera-driver/3.141.59/selenium-opera-driver-3.141.59.jar:/Users/harigowtham.raman/.m2/repository/org/seleniumhq/selenium/selenium-remote-driver/3.141.59/selenium-remote-driver-3.141.59.jar:/Users/harigowtham.raman/.m2/repository/org/seleniumhq/selenium/selenium-safari-driver/3.141.59/selenium-safari-driver-3.141.59.jar:/Users/harigowtham.raman/.m2/repository/org/seleniumhq/selenium/selenium-support/3.141.59/selenium-support-3.141.59.jar:/Users/harigowtham.raman/.m2/repository/net/bytebuddy/byte-buddy/1.8.15/byte-buddy-1.8.15.jar:/Users/harigowtham.raman/.m2/repository/org/apache/commons/commons-exec/1.3/commons-exec-1.3.jar:/Users/harigowtham.raman/.m2/repository/com/google/guava/guava/25.0-jre/guava-25.0-jre.jar:/Users/harigowtham.raman/.m2/repository/com/google/code/findbugs/jsr305/1.3.9/jsr305-1.3.9.jar:/Users/harigowtham.raman/.m2/repository/org/checkerframework/checker-compat-qual/2.0.0/checker-compat-qual-2.0.0.jar:/Users/harigowtham.raman/.m2/repository/com/google/errorprone/error_prone_annotations/2.1.3/error_prone_annotations-2.1.3.jar:/Users/harigowtham.raman/.m2/repository/com/google/j2objc/j2objc-annotations/1.1/j2objc-annotations-1.1.jar:/Users/harigowtham.raman/.m2/repository/org/codehaus/mojo/animal-sniffer-annotations/1.14/animal-sniffer-annotations-1.14.jar:/Users/harigowtham.raman/.m2/repository/com/squareup/okhttp3/okhttp/3.11.0/okhttp-3.11.0.jar:/Users/harigowtham.raman/.m2/repository/com/squareup/okio/okio/1.14.0/okio-1.14.0.jar:/Users/harigowtham.raman/.m2/repository/io/rest-assured/rest-assured/5.4.0/rest-assured-5.4.0.jar:/Users/harigowtham.raman/.m2/repository/org/apache/groovy/groovy/4.0.16/groovy-4.0.16.jar:/Users/harigowtham.raman/.m2/repository/org/apache/groovy/groovy-xml/4.0.16/groovy-xml-4.0.16.jar:/Users/harigowtham.raman/.m2/repository/org/apache/httpcomponents/httpclient/4.5.13/httpclient-4.5.13.jar:/Users/harigowtham.raman/.m2/repository/org/apache/httpcomponents/httpcore/4.4.13/httpcore-4.4.13.jar:/Users/harigowtham.raman/.m2/repository/commons-logging/commons-logging/1.2/commons-logging-1.2.jar:/Users/harigowtham.raman/.m2/repository/commons-codec/commons-codec/1.11/commons-codec-1.11.jar:/Users/harigowtham.raman/.m2/repository/org/apache/httpcomponents/httpmime/4.5.13/httpmime-4.5.13.jar:/Users/harigowtham.raman/.m2/repository/org/hamcrest/hamcrest/2.2/hamcrest-2.2.jar:/Users/harigowtham.raman/.m2/repository/org/ccil/cowan/tagsoup/tagsoup/1.2.1/tagsoup-1.2.1.jar:/Users/harigowtham.raman/.m2/repository/io/rest-assured/json-path/5.4.0/json-path-5.4.0.jar:/Users/harigowtham.raman/.m2/repository/org/apache/groovy/groovy-json/4.0.16/groovy-json-4.0.16.jar:/Users/harigowtham.raman/.m2/repository/io/rest-assured/rest-assured-common/5.4.0/rest-assured-common-5.4.0.jar:/Users/harigowtham.raman/.m2/repository/io/rest-assured/xml-path/5.4.0/xml-path-5.4.0.jar:/Users/harigowtham.raman/.m2/repository/org/apache/commons/commons-lang3/3.11/commons-lang3-3.11.jar:"/>
    <property name="java.vm.vendor" value="Temurin"/>
    <property name="sun.arch.data.model" value="64"/>
    <property name="java.vendor.url" value="https://adoptium.net/"/>
    <property name="user.timezone" value=""/>
    <property name="java.vm.specification.version" value="1.8"/>
    <property name="os.name" value="Mac OS X"/>
    <property name="user.country" value="IN"/>
    <property name="sun.java.launcher" value="SUN_STANDARD"/>
    <property name="sun.boot.library.path" value="/Users/harigowtham.raman/Library/Java/JavaVirtualMachines/temurin-1.8.0_442/Contents/Home/jre/lib"/>
    <property name="sun.java.command" value="/Users/harigowtham.raman/Documents/jmeterSelenium/selenium-restassured-demo/target/surefire/surefirebooter-20250428152438385_3.jar /Users/harigowtham.raman/Documents/jmeterSelenium/selenium-restassured-demo/target/surefire 2025-04-28T15-24-38_019-jvmRun1 surefire-20250428152438385_1tmp surefire_0-20250428152438385_2tmp"/>
    <property name="http.nonProxyHosts" value="local|*.local|169.254/16|*.169.254/16"/>
    <property name="surefire.test.class.path" value="/Users/harigowtham.raman/Documents/jmeterSelenium/selenium-restassured-demo/target/test-classes:/Users/harigowtham.raman/Documents/jmeterSelenium/selenium-restassured-demo/target/classes:/Users/harigowtham.raman/.m2/repository/junit/junit/3.8.1/junit-3.8.1.jar:/Users/harigowtham.raman/.m2/repository/org/seleniumhq/selenium/selenium-java/3.141.59/selenium-java-3.141.59.jar:/Users/harigowtham.raman/.m2/repository/org/seleniumhq/selenium/selenium-api/3.141.59/selenium-api-3.141.59.jar:/Users/harigowtham.raman/.m2/repository/org/seleniumhq/selenium/selenium-chrome-driver/3.141.59/selenium-chrome-driver-3.141.59.jar:/Users/harigowtham.raman/.m2/repository/org/seleniumhq/selenium/selenium-edge-driver/3.141.59/selenium-edge-driver-3.141.59.jar:/Users/harigowtham.raman/.m2/repository/org/seleniumhq/selenium/selenium-firefox-driver/3.141.59/selenium-firefox-driver-3.141.59.jar:/Users/harigowtham.raman/.m2/repository/org/seleniumhq/selenium/selenium-ie-driver/3.141.59/selenium-ie-driver-3.141.59.jar:/Users/harigowtham.raman/.m2/repository/org/seleniumhq/selenium/selenium-opera-driver/3.141.59/selenium-opera-driver-3.141.59.jar:/Users/harigowtham.raman/.m2/repository/org/seleniumhq/selenium/selenium-remote-driver/3.141.59/selenium-remote-driver-3.141.59.jar:/Users/harigowtham.raman/.m2/repository/org/seleniumhq/selenium/selenium-safari-driver/3.141.59/selenium-safari-driver-3.141.59.jar:/Users/harigowtham.raman/.m2/repository/org/seleniumhq/selenium/selenium-support/3.141.59/selenium-support-3.141.59.jar:/Users/harigowtham.raman/.m2/repository/net/bytebuddy/byte-buddy/1.8.15/byte-buddy-1.8.15.jar:/Users/harigowtham.raman/.m2/repository/org/apache/commons/commons-exec/1.3/commons-exec-1.3.jar:/Users/harigowtham.raman/.m2/repository/com/google/guava/guava/25.0-jre/guava-25.0-jre.jar:/Users/harigowtham.raman/.m2/repository/com/google/code/findbugs/jsr305/1.3.9/jsr305-1.3.9.jar:/Users/harigowtham.raman/.m2/repository/org/checkerframework/checker-compat-qual/2.0.0/checker-compat-qual-2.0.0.jar:/Users/harigowtham.raman/.m2/repository/com/google/errorprone/error_prone_annotations/2.1.3/error_prone_annotations-2.1.3.jar:/Users/harigowtham.raman/.m2/repository/com/google/j2objc/j2objc-annotations/1.1/j2objc-annotations-1.1.jar:/Users/harigowtham.raman/.m2/repository/org/codehaus/mojo/animal-sniffer-annotations/1.14/animal-sniffer-annotations-1.14.jar:/Users/harigowtham.raman/.m2/repository/com/squareup/okhttp3/okhttp/3.11.0/okhttp-3.11.0.jar:/Users/harigowtham.raman/.m2/repository/com/squareup/okio/okio/1.14.0/okio-1.14.0.jar:/Users/harigowtham.raman/.m2/repository/io/rest-assured/rest-assured/5.4.0/rest-assured-5.4.0.jar:/Users/harigowtham.raman/.m2/repository/org/apache/groovy/groovy/4.0.16/groovy-4.0.16.jar:/Users/harigowtham.raman/.m2/repository/org/apache/groovy/groovy-xml/4.0.16/groovy-xml-4.0.16.jar:/Users/harigowtham.raman/.m2/repository/org/apache/httpcomponents/httpclient/4.5.13/httpclient-4.5.13.jar:/Users/harigowtham.raman/.m2/repository/org/apache/httpcomponents/httpcore/4.4.13/httpcore-4.4.13.jar:/Users/harigowtham.raman/.m2/repository/commons-logging/commons-logging/1.2/commons-logging-1.2.jar:/Users/harigowtham.raman/.m2/repository/commons-codec/commons-codec/1.11/commons-codec-1.11.jar:/Users/harigowtham.raman/.m2/repository/org/apache/httpcomponents/httpmime/4.5.13/httpmime-4.5.13.jar:/Users/harigowtham.raman/.m2/repository/org/hamcrest/hamcrest/2.2/hamcrest-2.2.jar:/Users/harigowtham.raman/.m2/repository/org/ccil/cowan/tagsoup/tagsoup/1.2.1/tagsoup-1.2.1.jar:/Users/harigowtham.raman/.m2/repository/io/rest-assured/json-path/5.4.0/json-path-5.4.0.jar:/Users/harigowtham.raman/.m2/repository/org/apache/groovy/groovy-json/4.0.16/groovy-json-4.0.16.jar:/Users/harigowtham.raman/.m2/repository/io/rest-assured/rest-assured-common/5.4.0/rest-assured-common-5.4.0.jar:/Users/harigowtham.raman/.m2/repository/io/rest-assured/xml-path/5.4.0/xml-path-5.4.0.jar:/Users/harigowtham.raman/.m2/repository/org/apache/commons/commons-lang3/3.11/commons-lang3-3.11.jar:"/>
    <property name="sun.cpu.endian" value="little"/>
    <property name="user.home" value="/Users/harigowtham.raman"/>
    <property name="user.language" value="en"/>
    <property name="java.specification.vendor" value="Oracle Corporation"/>
    <property name="java.home" value="/Users/harigowtham.raman/Library/Java/JavaVirtualMachines/temurin-1.8.0_442/Contents/Home/jre"/>
    <property name="basedir" value="/Users/harigowtham.raman/Documents/jmeterSelenium/selenium-restassured-demo"/>
    <property name="file.separator" value="/"/>
    <property name="line.separator" value="&#10;"/>
    <property name="java.vm.specification.vendor" value="Oracle Corporation"/>
    <property name="java.specification.name" value="Java Platform API Specification"/>
    <property name="java.awt.graphicsenv" value="sun.awt.CGraphicsEnvironment"/>
    <property name="surefire.real.class.path" value="/Users/harigowtham.raman/Documents/jmeterSelenium/selenium-restassured-demo/target/surefire/surefirebooter-20250428152438385_3.jar"/>
    <property name="sun.boot.class.path" value="/Users/harigowtham.raman/Library/Java/JavaVirtualMachines/temurin-1.8.0_442/Contents/Home/jre/lib/resources.jar:/Users/harigowtham.raman/Library/Java/JavaVirtualMachines/temurin-1.8.0_442/Contents/Home/jre/lib/rt.jar:/Users/harigowtham.raman/Library/Java/JavaVirtualMachines/temurin-1.8.0_442/Contents/Home/jre/lib/sunrsasign.jar:/Users/harigowtham.raman/Library/Java/JavaVirtualMachines/temurin-1.8.0_442/Contents/Home/jre/lib/jsse.jar:/Users/harigowtham.raman/Library/Java/JavaVirtualMachines/temurin-1.8.0_442/Contents/Home/jre/lib/jce.jar:/Users/harigowtham.raman/Library/Java/JavaVirtualMachines/temurin-1.8.0_442/Contents/Home/jre/lib/charsets.jar:/Users/harigowtham.raman/Library/Java/JavaVirtualMachines/temurin-1.8.0_442/Contents/Home/jre/lib/jfr.jar:/Users/harigowtham.raman/Library/Java/JavaVirtualMachines/temurin-1.8.0_442/Contents/Home/jre/classes"/>
    <property name="sun.management.compiler" value="HotSpot 64-Bit Tiered Compilers"/>
    <property name="ftp.nonProxyHosts" value="local|*.local|169.254/16|*.169.254/16"/>
    <property name="java.runtime.version" value="1.8.0_442-b06"/>
    <property name="user.name" value="harigowtham.raman"/>
    <property name="path.separator" value=":"/>
    <property name="os.version" value="15.4"/>
    <property name="java.endorsed.dirs" value="/Users/harigowtham.raman/Library/Java/JavaVirtualMachines/temurin-1.8.0_442/Contents/Home/jre/lib/endorsed"/>
    <property name="java.runtime.name" value="OpenJDK Runtime Environment"/>
    <property name="file.encoding" value="UTF-8"/>
    <property name="java.vm.name" value="OpenJDK 64-Bit Server VM"/>
    <property name="localRepository" value="/Users/harigowtham.raman/.m2/repository"/>
    <property name="java.vendor.url.bug" value="https://github.com/adoptium/adoptium-support/issues"/>
    <property name="java.io.tmpdir" value="/var/folders/1m/yjzrdbb16hq885n19jgwtbrw0000gp/T/"/>
    <property name="java.version" value="1.8.0_442"/>
    <property name="user.dir" value="/Users/harigowtham.raman/Documents/jmeterSelenium/selenium-restassured-demo"/>
    <property name="os.arch" value="x86_64"/>
    <property name="java.vm.specification.name" value="Java Virtual Machine Specification"/>
    <property name="java.awt.printerjob" value="sun.lwawt.macosx.CPrinterJob"/>
    <property name="sun.os.patch.level" value="unknown"/>
    <property name="java.library.path" value="/Users/harigowtham.raman/Library/Java/Extensions:/Library/Java/Extensions:/Network/Library/Java/Extensions:/System/Library/Java/Extensions:/usr/lib/java:."/>
    <property name="java.vm.info" value="mixed mode"/>
    <property name="java.vendor" value="Temurin"/>
    <property name="java.vm.version" value="25.442-b06"/>
    <property name="java.specification.maintenance.version" value="6"/>
    <property name="java.ext.dirs" value="/Users/harigowtham.raman/Library/Java/Extensions:/Users/harigowtham.raman/Library/Java/JavaVirtualMachines/temurin-1.8.0_442/Contents/Home/jre/lib/ext:/Library/Java/Extensions:/Network/Library/Java/Extensions:/System/Library/Java/Extensions:/usr/lib/java"/>
    <property name="sun.io.unicode.encoding" value="UnicodeBig"/>
    <property name="java.class.version" value="52.0"/>
    <property name="socksNonProxyHosts" value="local|*.local|169.254/16|*.169.254/16"/>
  </properties>
  <testcase name="testApp" classname="com.example.AppTest" time="0.004"/>
</testsuite>